<?xml version="1.0" encoding="UTF-8"?>
<!-- Generated by org.testng.reporters.JUnitReportReporter -->
<testsuite hostname="qaplanet19" name="testNG.TC_2" tests="1" failures="0" timestamp="29 Aug 2017 11:41:42 GMT" time="9.367" errors="0">
  <testcase name="addemployeeandVERIFYINEMPLOYEELIST" time="9.367" classname="testNG.TC_2"/>
</testsuite> <!-- testNG.TC_2 -->
